<?xml version="1.0" encoding="UTF-8"?>
<!-- Generated by org.testng.reporters.JUnitXMLReporter -->
<testsuite hostname="MANHW-6KYP2Z2" ignored="2" name="HomePage" tests="2" failures="0" timestamp="2021-03-13T18:21:15 IST" time="8.301" errors="0">
  <testcase name="launchBrowser" time="0.109" classname="shoeStore_TC.LaunchBrowserTest"/>
  <testcase name="monthWiseValidation" time="2.436" classname="shoeStore_TC.TC03_EmailVerificationforHomePage"/>
  <testcase name="@BeforeTest getdriver" time="0.0" classname="utilities.CommonFunctions">
    <ignored/>
  </testcase> <!-- @BeforeTest getdriver -->
  <testcase name="@AfterTest teardown" time="0.0" classname="utilities.CommonFunctions">
    <ignored/>
  </testcase> <!-- @AfterTest teardown -->
</testsuite> <!-- HomePage -->
