<?xml version="1.0" encoding="UTF-8"?>
<testng-results skipped="0" failed="0" ignored="2" total="4" passed="2">
  <reporter-output>
  </reporter-output>
  <suite name="Suite" duration-ms="8301" started-at="2021-03-13T18:21:07 IST" finished-at="2021-03-13T18:21:15 IST">
    <groups>
    </groups>
    <test name="HomePage" duration-ms="8301" started-at="2021-03-13T18:21:07 IST" finished-at="2021-03-13T18:21:15 IST">
      <class name="shoeStore_TC.TC03_EmailVerificationforHomePage">
        <test-method status="PASS" signature="monthWiseValidation()[pri:0, instance:shoeStore_TC.TC03_EmailVerificationforHomePage@64729b1e]" name="monthWiseValidation" duration-ms="2436" started-at="2021-03-13T18:21:13 IST" finished-at="2021-03-13T18:21:15 IST">
          <reporter-output>
          </reporter-output>
        </test-method> <!-- monthWiseValidation -->
      </class> <!-- shoeStore_TC.TC03_EmailVerificationforHomePage -->
      <class name="shoeStore_TC.LaunchBrowserTest">
        <test-method status="PASS" signature="getdriver()[pri:0, instance:shoeStore_TC.LaunchBrowserTest@4e7dc304]" name="getdriver" is-config="true" duration-ms="5670" started-at="2021-03-13T18:21:07 IST" finished-at="2021-03-13T18:21:12 IST">
          <reporter-output>
          </reporter-output>
        </test-method> <!-- getdriver -->
        <test-method status="PASS" signature="launchBrowser()[pri:0, instance:shoeStore_TC.LaunchBrowserTest@4e7dc304]" name="launchBrowser" duration-ms="109" started-at="2021-03-13T18:21:12 IST" finished-at="2021-03-13T18:21:13 IST">
          <reporter-output>
          </reporter-output>
        </test-method> <!-- launchBrowser -->
        <test-method status="PASS" signature="teardown()[pri:0, instance:shoeStore_TC.LaunchBrowserTest@4e7dc304]" name="teardown" is-config="true" duration-ms="56" started-at="2021-03-13T18:21:15 IST" finished-at="2021-03-13T18:21:15 IST">
          <reporter-output>
          </reporter-output>
        </test-method> <!-- teardown -->
      </class> <!-- shoeStore_TC.LaunchBrowserTest -->
    </test> <!-- HomePage -->
  </suite> <!-- Suite -->
</testng-results>
